[0108/182454.693:ERROR:directory_reader_win.cc(43)] FindFirstFile: The system cannot find the path specified. (0x3)
[0108/183811.476:ERROR:process_reader_win.cc(151)] SuspendThread: Access is denied. (0x5)
[0108/183811.476:ERROR:process_reader_win.cc(151)] SuspendThread: Access is denied. (0x5)
[0108/183811.476:ERROR:process_reader_win.cc(151)] SuspendThread: Access is denied. (0x5)
[0108/183811.476:ERROR:process_reader_win.cc(151)] SuspendThread: Access is denied. (0x5)
[0108/183811.476:ERROR:process_reader_win.cc(123)] NtOpenThread: {Access Denied} A process has requested access to an object, but has not been granted those access rights. (0xc0000022)
[0108/183811.477:ERROR:exception_snapshot_win.cc(99)] thread ID 21992 not found in process
[0108/183811.476:ERROR:process_reader_win.cc(151)] SuspendThread: Access is denied. (0x5)
[0108/183811.485:ERROR:process_reader_win.cc(151)] SuspendThread: Access is denied. (0x5)
[0108/183811.485:ERROR:process_reader_win.cc(151)] SuspendThread: Access is denied. (0x5)
[0108/183811.485:ERROR:process_reader_win.cc(151)] SuspendThread: Access is denied. (0x5)
[0108/183811.485:ERROR:process_reader_win.cc(151)] SuspendThread: Access is denied. (0x5)
[0108/183811.485:ERROR:process_reader_win.cc(123)] NtOpenThread: {Access Denied} A process has requested access to an object, but has not been granted those access rights. (0xc0000022)
[0108/183811.486:ERROR:exception_snapshot_win.cc(99)] thread ID 22036 not found in process
[0108/183811.475:ERROR:process_reader_win.cc(151)] SuspendThread: Access is denied. (0x5)
[0108/183811.487:ERROR:process_reader_win.cc(151)] SuspendThread: Access is denied. (0x5)
[0108/183811.487:ERROR:process_reader_win.cc(151)] SuspendThread: Access is denied. (0x5)
[0108/183811.487:ERROR:process_reader_win.cc(151)] SuspendThread: Access is denied. (0x5)
[0108/183811.487:ERROR:process_reader_win.cc(151)] SuspendThread: Access is denied. (0x5)
[0108/183811.487:ERROR:process_reader_win.cc(151)] SuspendThread: Access is denied. (0x5)
[0108/183811.487:ERROR:process_reader_win.cc(151)] SuspendThread: Access is denied. (0x5)
[0108/183811.487:ERROR:process_reader_win.cc(151)] SuspendThread: Access is denied. (0x5)
[0108/183811.487:ERROR:process_reader_win.cc(123)] NtOpenThread: {Access Denied} A process has requested access to an object, but has not been granted those access rights. (0xc0000022)
[0108/183811.488:ERROR:exception_snapshot_win.cc(99)] thread ID 2916 not found in process
[0108/183811.537:ERROR:process_reader_win.cc(151)] SuspendThread: Access is denied. (0x5)
[0108/183811.537:ERROR:process_reader_win.cc(151)] SuspendThread: Access is denied. (0x5)
[0108/183811.537:ERROR:process_reader_win.cc(151)] SuspendThread: Access is denied. (0x5)
[0108/183811.537:ERROR:process_reader_win.cc(151)] SuspendThread: Access is denied. (0x5)
[0108/183811.537:ERROR:process_reader_win.cc(123)] NtOpenThread: {Access Denied} A process has requested access to an object, but has not been granted those access rights. (0xc0000022)
[0108/183811.537:ERROR:exception_snapshot_win.cc(99)] thread ID 21932 not found in process
[0108/183811.538:ERROR:process_reader_win.cc(151)] SuspendThread: Access is denied. (0x5)
[0108/183811.538:ERROR:process_reader_win.cc(151)] SuspendThread: Access is denied. (0x5)
[0108/183811.539:ERROR:process_reader_win.cc(151)] SuspendThread: Access is denied. (0x5)
[0108/183811.539:ERROR:process_reader_win.cc(123)] NtOpenThread: {Access Denied} A process has requested access to an object, but has not been granted those access rights. (0xc0000022)
[0108/183811.539:ERROR:exception_snapshot_win.cc(99)] thread ID 22032 not found in process
[0108/183811.549:ERROR:process_reader_win.cc(151)] SuspendThread: Access is denied. (0x5)
[0108/183811.549:ERROR:process_reader_win.cc(151)] SuspendThread: Access is denied. (0x5)
[0108/183811.549:ERROR:process_reader_win.cc(123)] NtOpenThread: {Access Denied} A process has requested access to an object, but has not been granted those access rights. (0xc0000022)
[0108/183811.549:ERROR:exception_snapshot_win.cc(99)] thread ID 22028 not found in process
[0108/184847.423:ERROR:directory_reader_win.cc(43)] FindFirstFile: The system cannot find the path specified. (0x3)
[0108/190406.092:ERROR:directory_reader_win.cc(43)] FindFirstFile: The system cannot find the path specified. (0x3)
[0108/191345.221:ERROR:directory_reader_win.cc(43)] FindFirstFile: The system cannot find the path specified. (0x3)
[0108/191409.614:ERROR:process_reader_win.cc(123)] NtOpenThread: {Access Denied} A process has requested access to an object, but has not been granted those access rights. (0xc0000022)
[0108/191409.615:ERROR:exception_snapshot_win.cc(99)] thread ID 22416 not found in process
[0108/191409.658:ERROR:process_reader_win.cc(123)] NtOpenThread: {Access Denied} A process has requested access to an object, but has not been granted those access rights. (0xc0000022)
[0108/191409.658:ERROR:exception_snapshot_win.cc(99)] thread ID 21528 not found in process
[0108/192229.334:ERROR:process_reader_win.cc(123)] NtOpenThread: {Access Denied} A process has requested access to an object, but has not been granted those access rights. (0xc0000022)
[0108/192229.335:ERROR:exception_snapshot_win.cc(99)] thread ID 15364 not found in process
[0108/192229.358:ERROR:process_reader_win.cc(123)] NtOpenThread: {Access Denied} A process has requested access to an object, but has not been granted those access rights. (0xc0000022)
[0108/192229.358:ERROR:exception_snapshot_win.cc(99)] thread ID 20024 not found in process
[0108/193910.095:ERROR:directory_reader_win.cc(43)] FindFirstFile: The system cannot find the path specified. (0x3)
[0108/193959.840:ERROR:directory_reader_win.cc(43)] FindFirstFile: The system cannot find the path specified. (0x3)
[0108/194338.272:ERROR:process_reader_win.cc(123)] NtOpenThread: {Access Denied} A process has requested access to an object, but has not been granted those access rights. (0xc0000022)
[0108/194338.275:ERROR:exception_snapshot_win.cc(99)] thread ID 6652 not found in process
[0108/194338.374:ERROR:process_reader_win.cc(123)] NtOpenThread: {Access Denied} A process has requested access to an object, but has not been granted those access rights. (0xc0000022)
[0108/194338.374:ERROR:exception_snapshot_win.cc(99)] thread ID 8672 not found in process
[0108/195945.296:ERROR:process_reader_win.cc(123)] NtOpenThread: {Access Denied} A process has requested access to an object, but has not been granted those access rights. (0xc0000022)
[0108/195945.297:ERROR:exception_snapshot_win.cc(99)] thread ID 2968 not found in process
[0108/195945.334:ERROR:process_reader_win.cc(123)] NtOpenThread: {Access Denied} A process has requested access to an object, but has not been granted those access rights. (0xc0000022)
[0108/195945.334:ERROR:exception_snapshot_win.cc(99)] thread ID 8916 not found in process
[0109/005500.386:ERROR:process_reader_win.cc(123)] NtOpenThread: {Access Denied} A process has requested access to an object, but has not been granted those access rights. (0xc0000022)
[0109/005500.402:ERROR:exception_snapshot_win.cc(99)] thread ID 15440 not found in process
[0109/005500.402:ERROR:process_reader_win.cc(123)] NtOpenThread: {Access Denied} A process has requested access to an object, but has not been granted those access rights. (0xc0000022)
[0109/005500.402:ERROR:exception_snapshot_win.cc(99)] thread ID 13432 not found in process
[0109/010237.430:ERROR:process_reader_win.cc(123)] NtOpenThread: {Access Denied} A process has requested access to an object, but has not been granted those access rights. (0xc0000022)
[0109/010237.431:ERROR:exception_snapshot_win.cc(99)] thread ID 15072 not found in process
[0109/010237.450:ERROR:process_reader_win.cc(123)] NtOpenThread: {Access Denied} A process has requested access to an object, but has not been granted those access rights. (0xc0000022)
[0109/010237.450:ERROR:exception_snapshot_win.cc(99)] thread ID 23328 not found in process
[0109/010307.633:ERROR:process_reader_win.cc(123)] NtOpenThread: {Access Denied} A process has requested access to an object, but has not been granted those access rights. (0xc0000022)
[0109/010307.634:ERROR:exception_snapshot_win.cc(99)] thread ID 17824 not found in process
[0109/010307.656:ERROR:process_reader_win.cc(123)] NtOpenThread: {Access Denied} A process has requested access to an object, but has not been granted those access rights. (0xc0000022)
[0109/010307.657:ERROR:exception_snapshot_win.cc(99)] thread ID 2380 not found in process
[0109/023728.688:ERROR:process_reader_win.cc(123)] NtOpenThread: {Access Denied} A process has requested access to an object, but has not been granted those access rights. (0xc0000022)
[0109/023728.707:ERROR:exception_snapshot_win.cc(99)] thread ID 21404 not found in process
[0109/023728.688:ERROR:process_reader_win.cc(123)] NtOpenThread: {Access Denied} A process has requested access to an object, but has not been granted those access rights. (0xc0000022)
[0109/023728.707:ERROR:exception_snapshot_win.cc(99)] thread ID 10564 not found in process
[0109/023728.727:ERROR:process_reader_win.cc(123)] NtOpenThread: {Access Denied} A process has requested access to an object, but has not been granted those access rights. (0xc0000022)
[0109/023728.727:ERROR:exception_snapshot_win.cc(99)] thread ID 20236 not found in process
[0109/023728.729:ERROR:process_reader_win.cc(123)] NtOpenThread: {Access Denied} A process has requested access to an object, but has not been granted those access rights. (0xc0000022)
[0109/023728.729:ERROR:exception_snapshot_win.cc(99)] thread ID 17592 not found in process
[0109/030039.962:ERROR:process_reader_win.cc(123)] NtOpenThread: {Access Denied} A process has requested access to an object, but has not been granted those access rights. (0xc0000022)
[0109/030039.964:ERROR:process_reader_win.cc(123)] NtOpenThread: {Access Denied} A process has requested access to an object, but has not been granted those access rights. (0xc0000022)
[0109/030039.984:ERROR:exception_snapshot_win.cc(99)] thread ID 11496 not found in process
[0109/030039.984:ERROR:exception_snapshot_win.cc(99)] thread ID 20384 not found in process
[0109/030040.012:ERROR:process_reader_win.cc(123)] NtOpenThread: {Access Denied} A process has requested access to an object, but has not been granted those access rights. (0xc0000022)
[0109/030040.012:ERROR:exception_snapshot_win.cc(99)] thread ID 20396 not found in process
[0109/030040.012:ERROR:process_reader_win.cc(123)] NtOpenThread: {Access Denied} A process has requested access to an object, but has not been granted those access rights. (0xc0000022)
[0109/030040.012:ERROR:exception_snapshot_win.cc(99)] thread ID 20400 not found in process
[0120/215112.970:ERROR:process_reader_win.cc(123)] NtOpenThread: {Access Denied} A process has requested access to an object, but has not been granted those access rights. (0xc0000022)
[0120/215112.994:ERROR:exception_snapshot_win.cc(99)] thread ID 22332 not found in process
[0120/215112.973:ERROR:process_reader_win.cc(123)] NtOpenThread: {Access Denied} A process has requested access to an object, but has not been granted those access rights. (0xc0000022)
[0120/215112.994:ERROR:exception_snapshot_win.cc(99)] thread ID 13636 not found in process
[0120/215113.007:ERROR:process_reader_win.cc(123)] NtOpenThread: {Access Denied} A process has requested access to an object, but has not been granted those access rights. (0xc0000022)
[0120/215113.007:ERROR:exception_snapshot_win.cc(99)] thread ID 22520 not found in process
[0120/215113.032:ERROR:process_reader_win.cc(123)] NtOpenThread: {Access Denied} A process has requested access to an object, but has not been granted those access rights. (0xc0000022)
[0120/215113.033:ERROR:exception_snapshot_win.cc(99)] thread ID 21760 not found in process
[0120/215330.307:ERROR:process_reader_win.cc(151)] SuspendThread: Access is denied. (0x5)
[0120/215330.309:ERROR:process_reader_win.cc(123)] NtOpenThread: {Access Denied} A process has requested access to an object, but has not been granted those access rights. (0xc0000022)
[0120/215330.310:ERROR:exception_snapshot_win.cc(99)] thread ID 19652 not found in process
[0120/215330.315:ERROR:process_reader_win.cc(151)] SuspendThread: Access is denied. (0x5)
[0120/215330.346:ERROR:process_reader_win.cc(123)] NtOpenThread: {Access Denied} A process has requested access to an object, but has not been granted those access rights. (0xc0000022)
[0120/215330.347:ERROR:exception_snapshot_win.cc(99)] thread ID 22324 not found in process
[0120/215330.347:ERROR:process_reader_win.cc(151)] SuspendThread: Access is denied. (0x5)
[0120/215330.347:ERROR:process_reader_win.cc(151)] SuspendThread: Access is denied. (0x5)
[0120/215330.347:ERROR:process_reader_win.cc(151)] SuspendThread: Access is denied. (0x5)
[0120/215330.347:ERROR:process_reader_win.cc(151)] SuspendThread: Access is denied. (0x5)
[0120/215330.347:ERROR:process_reader_win.cc(123)] NtOpenThread: {Access Denied} A process has requested access to an object, but has not been granted those access rights. (0xc0000022)
[0120/215330.347:ERROR:exception_snapshot_win.cc(99)] thread ID 19948 not found in process
[0120/215330.382:ERROR:process_reader_win.cc(151)] SuspendThread: Access is denied. (0x5)
[0120/215330.382:ERROR:process_reader_win.cc(151)] SuspendThread: Access is denied. (0x5)
[0120/215330.382:ERROR:process_reader_win.cc(151)] SuspendThread: Access is denied. (0x5)
[0120/215330.382:ERROR:process_reader_win.cc(151)] SuspendThread: Access is denied. (0x5)
[0120/215330.382:ERROR:process_reader_win.cc(123)] NtOpenThread: {Access Denied} A process has requested access to an object, but has not been granted those access rights. (0xc0000022)
[0120/215330.382:ERROR:exception_snapshot_win.cc(99)] thread ID 11188 not found in process
[0120/215441.934:ERROR:process_reader_win.cc(151)] SuspendThread: Access is denied. (0x5)
[0120/215441.938:ERROR:process_reader_win.cc(151)] SuspendThread: Access is denied. (0x5)
[0120/215441.939:ERROR:process_reader_win.cc(151)] SuspendThread: Access is denied. (0x5)
[0120/215441.939:ERROR:process_reader_win.cc(123)] NtOpenThread: {Access Denied} A process has requested access to an object, but has not been granted those access rights. (0xc0000022)
[0120/215441.941:ERROR:exception_snapshot_win.cc(99)] thread ID 9124 not found in process
[0120/215441.946:ERROR:process_reader_win.cc(151)] SuspendThread: Access is denied. (0x5)
[0120/215441.947:ERROR:process_reader_win.cc(151)] SuspendThread: Access is denied. (0x5)
[0120/215441.947:ERROR:process_reader_win.cc(151)] SuspendThread: Access is denied. (0x5)
[0120/215441.947:ERROR:process_reader_win.cc(151)] SuspendThread: Access is denied. (0x5)
[0120/215441.947:ERROR:process_reader_win.cc(151)] SuspendThread: Access is denied. (0x5)
[0120/215441.947:ERROR:process_reader_win.cc(151)] SuspendThread: Access is denied. (0x5)
[0120/215441.947:ERROR:process_reader_win.cc(151)] SuspendThread: Access is denied. (0x5)
[0120/215441.947:ERROR:process_reader_win.cc(123)] NtOpenThread: {Access Denied} A process has requested access to an object, but has not been granted those access rights. (0xc0000022)
[0120/215441.947:ERROR:exception_snapshot_win.cc(99)] thread ID 19224 not found in process
[0120/215441.969:ERROR:process_reader_win.cc(151)] SuspendThread: Access is denied. (0x5)
[0120/215441.969:ERROR:process_reader_win.cc(123)] NtOpenThread: {Access Denied} A process has requested access to an object, but has not been granted those access rights. (0xc0000022)
[0120/215441.969:ERROR:exception_snapshot_win.cc(99)] thread ID 2676 not found in process
[0120/215441.976:ERROR:process_reader_win.cc(151)] SuspendThread: Access is denied. (0x5)
[0120/215441.976:ERROR:process_reader_win.cc(123)] NtOpenThread: {Access Denied} A process has requested access to an object, but has not been granted those access rights. (0xc0000022)
[0120/215441.976:ERROR:exception_snapshot_win.cc(99)] thread ID 19740 not found in process
[0120/215441.999:ERROR:process_reader_win.cc(151)] SuspendThread: Access is denied. (0x5)
[0120/215441.999:ERROR:process_reader_win.cc(151)] SuspendThread: Access is denied. (0x5)
[0120/215441.999:ERROR:process_reader_win.cc(151)] SuspendThread: Access is denied. (0x5)
[0120/215441.999:ERROR:process_reader_win.cc(123)] NtOpenThread: {Access Denied} A process has requested access to an object, but has not been granted those access rights. (0xc0000022)
[0120/215441.999:ERROR:exception_snapshot_win.cc(99)] thread ID 10016 not found in process
[0120/215442.023:ERROR:process_reader_win.cc(151)] SuspendThread: Access is denied. (0x5)
[0120/215442.023:ERROR:process_reader_win.cc(151)] SuspendThread: Access is denied. (0x5)
[0120/215442.023:ERROR:process_reader_win.cc(151)] SuspendThread: Access is denied. (0x5)
[0120/215442.023:ERROR:process_reader_win.cc(123)] NtOpenThread: {Access Denied} A process has requested access to an object, but has not been granted those access rights. (0xc0000022)
[0120/215442.023:ERROR:exception_snapshot_win.cc(99)] thread ID 1396 not found in process
[0120/220823.921:ERROR:process_reader_win.cc(123)] NtOpenThread: {Access Denied} A process has requested access to an object, but has not been granted those access rights. (0xc0000022)
[0120/220823.950:ERROR:exception_snapshot_win.cc(99)] thread ID 21880 not found in process
[0120/220823.929:ERROR:process_reader_win.cc(123)] NtOpenThread: {Access Denied} A process has requested access to an object, but has not been granted those access rights. (0xc0000022)
[0120/220823.950:ERROR:exception_snapshot_win.cc(99)] thread ID 20088 not found in process
[0120/220823.956:ERROR:process_reader_win.cc(123)] NtOpenThread: {Access Denied} A process has requested access to an object, but has not been granted those access rights. (0xc0000022)
[0120/220823.956:ERROR:exception_snapshot_win.cc(99)] thread ID 18284 not found in process
[0120/220823.989:ERROR:process_reader_win.cc(123)] NtOpenThread: {Access Denied} A process has requested access to an object, but has not been granted those access rights. (0xc0000022)
[0120/220823.989:ERROR:exception_snapshot_win.cc(99)] thread ID 1808 not found in process
[0120/222900.963:ERROR:process_reader_win.cc(151)] SuspendThread: Access is denied. (0x5)
[0120/222900.968:ERROR:process_reader_win.cc(151)] SuspendThread: Access is denied. (0x5)
[0120/222900.971:ERROR:process_reader_win.cc(151)] SuspendThread: Access is denied. (0x5)
[0120/222900.987:ERROR:process_reader_win.cc(123)] NtOpenThread: {Access Denied} A process has requested access to an object, but has not been granted those access rights. (0xc0000022)
[0120/222900.988:ERROR:exception_snapshot_win.cc(99)] thread ID 9672 not found in process
[0120/222901.002:ERROR:process_reader_win.cc(151)] SuspendThread: Access is denied. (0x5)
[0120/222901.025:ERROR:process_reader_win.cc(151)] SuspendThread: Access is denied. (0x5)
[0120/222901.025:ERROR:process_reader_win.cc(123)] NtOpenThread: {Access Denied} A process has requested access to an object, but has not been granted those access rights. (0xc0000022)
[0120/222901.025:ERROR:exception_snapshot_win.cc(99)] thread ID 5652 not found in process
[0120/222901.030:ERROR:process_reader_win.cc(151)] SuspendThread: Access is denied. (0x5)
[0120/222901.031:ERROR:process_reader_win.cc(151)] SuspendThread: Access is denied. (0x5)
[0120/222901.031:ERROR:process_reader_win.cc(151)] SuspendThread: Access is denied. (0x5)
[0120/222901.044:ERROR:process_reader_win.cc(151)] SuspendThread: Access is denied. (0x5)
[0120/222901.045:ERROR:process_reader_win.cc(151)] SuspendThread: Access is denied. (0x5)
[0120/222901.045:ERROR:process_reader_win.cc(123)] NtOpenThread: {Access Denied} A process has requested access to an object, but has not been granted those access rights. (0xc0000022)
[0120/222901.045:ERROR:exception_snapshot_win.cc(99)] thread ID 2196 not found in process
[0120/222901.048:ERROR:process_reader_win.cc(123)] NtOpenThread: {Access Denied} A process has requested access to an object, but has not been granted those access rights. (0xc0000022)
[0120/222901.048:ERROR:exception_snapshot_win.cc(99)] thread ID 3216 not found in process
[0120/222900.987:ERROR:process_reader_win.cc(123)] NtOpenThread: {Access Denied} A process has requested access to an object, but has not been granted those access rights. (0xc0000022)
[0120/222901.049:ERROR:exception_snapshot_win.cc(99)] thread ID 21708 not found in process
[0120/222901.031:ERROR:process_reader_win.cc(123)] NtOpenThread: {Access Denied} A process has requested access to an object, but has not been granted those access rights. (0xc0000022)
[0120/222901.049:ERROR:exception_snapshot_win.cc(99)] thread ID 15176 not found in process
[0120/223217.346:ERROR:process_reader_win.cc(123)] NtOpenThread: {Access Denied} A process has requested access to an object, but has not been granted those access rights. (0xc0000022)
[0120/223217.349:ERROR:exception_snapshot_win.cc(99)] thread ID 14928 not found in process
[0120/223217.360:ERROR:process_reader_win.cc(123)] NtOpenThread: {Access Denied} A process has requested access to an object, but has not been granted those access rights. (0xc0000022)
[0120/223217.363:ERROR:exception_snapshot_win.cc(99)] thread ID 19572 not found in process
[0120/223217.381:ERROR:process_reader_win.cc(123)] NtOpenThread: {Access Denied} A process has requested access to an object, but has not been granted those access rights. (0xc0000022)
[0120/223217.381:ERROR:exception_snapshot_win.cc(99)] thread ID 19780 not found in process
[0120/223217.404:ERROR:process_reader_win.cc(123)] NtOpenThread: {Access Denied} A process has requested access to an object, but has not been granted those access rights. (0xc0000022)
[0120/223217.404:ERROR:exception_snapshot_win.cc(99)] thread ID 4932 not found in process
[0120/231125.181:ERROR:process_reader_win.cc(151)] SuspendThread: Access is denied. (0x5)
[0120/231125.184:ERROR:process_reader_win.cc(151)] SuspendThread: Access is denied. (0x5)
[0120/231125.184:ERROR:process_reader_win.cc(123)] NtOpenThread: {Access Denied} A process has requested access to an object, but has not been granted those access rights. (0xc0000022)
[0120/231125.185:ERROR:exception_snapshot_win.cc(99)] thread ID 8376 not found in process
[0120/231125.207:ERROR:process_reader_win.cc(151)] SuspendThread: Access is denied. (0x5)
[0120/231125.208:ERROR:process_reader_win.cc(151)] SuspendThread: Access is denied. (0x5)
[0120/231125.208:ERROR:process_reader_win.cc(123)] NtOpenThread: {Access Denied} A process has requested access to an object, but has not been granted those access rights. (0xc0000022)
[0120/231125.209:ERROR:exception_snapshot_win.cc(99)] thread ID 16296 not found in process
[0120/231125.218:ERROR:process_reader_win.cc(151)] SuspendThread: Access is denied. (0x5)
[0120/231125.218:ERROR:process_reader_win.cc(151)] SuspendThread: Access is denied. (0x5)
[0120/231125.218:ERROR:process_reader_win.cc(151)] SuspendThread: Access is denied. (0x5)
[0120/231125.218:ERROR:process_reader_win.cc(123)] NtOpenThread: {Access Denied} A process has requested access to an object, but has not been granted those access rights. (0xc0000022)
[0120/231125.218:ERROR:exception_snapshot_win.cc(99)] thread ID 21236 not found in process
[0120/231125.232:ERROR:process_reader_win.cc(151)] SuspendThread: Access is denied. (0x5)
[0120/231125.232:ERROR:process_reader_win.cc(123)] NtOpenThread: {Access Denied} A process has requested access to an object, but has not been granted those access rights. (0xc0000022)
[0120/231125.232:ERROR:exception_snapshot_win.cc(99)] thread ID 2972 not found in process
[0124/155457.067:ERROR:directory_reader_win.cc(43)] FindFirstFile: The system cannot find the path specified. (0x3)
[0124/163255.802:ERROR:process_reader_win.cc(123)] NtOpenThread: {Access Denied} A process has requested access to an object, but has not been granted those access rights. (0xc0000022)
[0124/163255.813:ERROR:process_reader_win.cc(123)] NtOpenThread: {Access Denied} A process has requested access to an object, but has not been granted those access rights. (0xc0000022)
[0124/163255.823:ERROR:exception_snapshot_win.cc(99)] thread ID 7008 not found in process
[0124/163255.823:ERROR:exception_snapshot_win.cc(99)] thread ID 17464 not found in process
[0124/163255.837:ERROR:process_reader_win.cc(123)] NtOpenThread: {Access Denied} A process has requested access to an object, but has not been granted those access rights. (0xc0000022)
[0124/163255.837:ERROR:exception_snapshot_win.cc(99)] thread ID 2884 not found in process
[0124/163255.878:ERROR:process_reader_win.cc(123)] NtOpenThread: {Access Denied} A process has requested access to an object, but has not been granted those access rights. (0xc0000022)
[0124/163255.880:ERROR:exception_snapshot_win.cc(99)] thread ID 10576 not found in process
[0124/164222.276:ERROR:process_reader_win.cc(151)] SuspendThread: Access is denied. (0x5)
[0124/164222.277:ERROR:process_reader_win.cc(151)] SuspendThread: Access is denied. (0x5)
[0124/164222.277:ERROR:process_reader_win.cc(151)] SuspendThread: Access is denied. (0x5)
[0124/164222.277:ERROR:process_reader_win.cc(151)] SuspendThread: Access is denied. (0x5)
[0124/164222.277:ERROR:process_reader_win.cc(151)] SuspendThread: Access is denied. (0x5)
[0124/164222.277:ERROR:process_reader_win.cc(151)] SuspendThread: Access is denied. (0x5)
[0124/164222.277:ERROR:process_reader_win.cc(151)] SuspendThread: Access is denied. (0x5)
[0124/164222.276:ERROR:process_reader_win.cc(123)] NtOpenThread: An invalid Client ID was specified. (0xc000000b)
[0124/164222.277:ERROR:process_reader_win.cc(151)] SuspendThread: Access is denied. (0x5)
[0124/164222.278:ERROR:process_reader_win.cc(151)] SuspendThread: Access is denied. (0x5)
[0124/164222.277:ERROR:process_reader_win.cc(123)] NtOpenThread: {Access Denied} A process has requested access to an object, but has not been granted those access rights. (0xc0000022)
[0124/164222.278:ERROR:exception_snapshot_win.cc(99)] thread ID 19188 not found in process
[0124/164222.278:ERROR:process_reader_win.cc(123)] NtOpenThread: {Access Denied} A process has requested access to an object, but has not been granted those access rights. (0xc0000022)
[0124/164222.278:ERROR:exception_snapshot_win.cc(99)] thread ID 7912 not found in process
[0124/164222.300:ERROR:process_reader_win.cc(151)] SuspendThread: Access is denied. (0x5)
[0124/164222.300:ERROR:process_reader_win.cc(151)] SuspendThread: Access is denied. (0x5)
[0124/164222.301:ERROR:process_reader_win.cc(151)] SuspendThread: Access is denied. (0x5)
[0124/164222.301:ERROR:process_reader_win.cc(123)] NtOpenThread: {Access Denied} A process has requested access to an object, but has not been granted those access rights. (0xc0000022)
[0124/164222.301:ERROR:exception_snapshot_win.cc(99)] thread ID 7428 not found in process
[0124/164222.433:ERROR:process_reader_win.cc(151)] SuspendThread: Access is denied. (0x5)
[0124/164222.433:ERROR:process_reader_win.cc(151)] SuspendThread: Access is denied. (0x5)
[0124/164222.433:ERROR:process_reader_win.cc(123)] NtOpenThread: {Access Denied} A process has requested access to an object, but has not been granted those access rights. (0xc0000022)
[0124/164222.433:ERROR:exception_snapshot_win.cc(99)] thread ID 21400 not found in process
[0124/164429.080:ERROR:process_reader_win.cc(123)] NtOpenThread: {Access Denied} A process has requested access to an object, but has not been granted those access rights. (0xc0000022)
[0124/164429.082:ERROR:exception_snapshot_win.cc(99)] thread ID 8964 not found in process
[0124/164429.080:ERROR:process_reader_win.cc(123)] NtOpenThread: {Access Denied} A process has requested access to an object, but has not been granted those access rights. (0xc0000022)
[0124/164429.082:ERROR:exception_snapshot_win.cc(99)] thread ID 21208 not found in process
[0124/164429.109:ERROR:process_reader_win.cc(123)] NtOpenThread: {Access Denied} A process has requested access to an object, but has not been granted those access rights. (0xc0000022)
[0124/164429.109:ERROR:exception_snapshot_win.cc(99)] thread ID 12344 not found in process
[0124/164429.114:ERROR:process_reader_win.cc(123)] NtOpenThread: {Access Denied} A process has requested access to an object, but has not been granted those access rights. (0xc0000022)
[0124/164429.114:ERROR:exception_snapshot_win.cc(99)] thread ID 15436 not found in process
[0124/164429.127:ERROR:process_reader_win.cc(151)] SuspendThread: Access is denied. (0x5)
[0124/164429.128:ERROR:process_reader_win.cc(151)] SuspendThread: Access is denied. (0x5)
[0124/164429.128:ERROR:process_reader_win.cc(123)] NtOpenThread: {Access Denied} A process has requested access to an object, but has not been granted those access rights. (0xc0000022)
[0124/164429.128:ERROR:exception_snapshot_win.cc(99)] thread ID 10796 not found in process
[0124/164429.145:ERROR:process_reader_win.cc(151)] SuspendThread: Access is denied. (0x5)
[0124/164429.145:ERROR:process_reader_win.cc(123)] NtOpenThread: {Access Denied} A process has requested access to an object, but has not been granted those access rights. (0xc0000022)
[0124/164429.145:ERROR:exception_snapshot_win.cc(99)] thread ID 21748 not found in process
[0124/164532.079:ERROR:process_reader_win.cc(123)] NtOpenThread: {Access Denied} A process has requested access to an object, but has not been granted those access rights. (0xc0000022)
[0124/164532.081:ERROR:exception_snapshot_win.cc(99)] thread ID 21960 not found in process
[0124/164532.085:ERROR:process_reader_win.cc(123)] NtOpenThread: {Access Denied} A process has requested access to an object, but has not been granted those access rights. (0xc0000022)
[0124/164532.087:ERROR:exception_snapshot_win.cc(99)] thread ID 12644 not found in process
[0124/164532.115:ERROR:process_reader_win.cc(151)] SuspendThread: Access is denied. (0x5)
[0124/164532.115:ERROR:process_reader_win.cc(123)] NtOpenThread: {Access Denied} A process has requested access to an object, but has not been granted those access rights. (0xc0000022)
[0124/164532.115:ERROR:exception_snapshot_win.cc(99)] thread ID 2180 not found in process
[0124/164532.125:ERROR:process_reader_win.cc(151)] SuspendThread: Access is denied. (0x5)
[0124/164532.125:ERROR:process_reader_win.cc(123)] NtOpenThread: {Access Denied} A process has requested access to an object, but has not been granted those access rights. (0xc0000022)
[0124/164532.125:ERROR:exception_snapshot_win.cc(99)] thread ID 21676 not found in process
[0124/165419.076:ERROR:process_reader_win.cc(123)] NtOpenThread: {Access Denied} A process has requested access to an object, but has not been granted those access rights. (0xc0000022)
[0124/165419.107:ERROR:exception_snapshot_win.cc(99)] thread ID 22176 not found in process
[0124/165419.083:ERROR:process_reader_win.cc(123)] NtOpenThread: {Access Denied} A process has requested access to an object, but has not been granted those access rights. (0xc0000022)
[0124/165419.108:ERROR:exception_snapshot_win.cc(99)] thread ID 10844 not found in process
[0124/165419.120:ERROR:process_reader_win.cc(123)] NtOpenThread: {Access Denied} A process has requested access to an object, but has not been granted those access rights. (0xc0000022)
[0124/165419.120:ERROR:exception_snapshot_win.cc(99)] thread ID 19692 not found in process
[0124/165419.121:ERROR:process_reader_win.cc(123)] NtOpenThread: {Access Denied} A process has requested access to an object, but has not been granted those access rights. (0xc0000022)
[0124/165419.121:ERROR:exception_snapshot_win.cc(99)] thread ID 21196 not found in process
[0124/234146.282:ERROR:process_reader_win.cc(151)] SuspendThread: Access is denied. (0x5)
[0124/234146.307:ERROR:process_reader_win.cc(151)] SuspendThread: Access is denied. (0x5)
[0124/234146.307:ERROR:process_reader_win.cc(123)] NtOpenThread: {Access Denied} A process has requested access to an object, but has not been granted those access rights. (0xc0000022)
[0124/234146.308:ERROR:exception_snapshot_win.cc(99)] thread ID 5584 not found in process
[0124/234146.294:ERROR:process_reader_win.cc(151)] SuspendThread: Access is denied. (0x5)
[0124/234146.310:ERROR:process_reader_win.cc(123)] NtOpenThread: {Access Denied} A process has requested access to an object, but has not been granted those access rights. (0xc0000022)
[0124/234146.311:ERROR:exception_snapshot_win.cc(99)] thread ID 14832 not found in process
[0124/234146.319:ERROR:process_reader_win.cc(123)] NtOpenThread: {Access Denied} A process has requested access to an object, but has not been granted those access rights. (0xc0000022)
[0124/234146.319:ERROR:exception_snapshot_win.cc(99)] thread ID 15036 not found in process
[0124/234146.369:ERROR:process_reader_win.cc(151)] SuspendThread: Access is denied. (0x5)
[0124/234146.369:ERROR:process_reader_win.cc(151)] SuspendThread: Access is denied. (0x5)
[0124/234146.369:ERROR:process_reader_win.cc(123)] NtOpenThread: {Access Denied} A process has requested access to an object, but has not been granted those access rights. (0xc0000022)
[0124/234146.370:ERROR:exception_snapshot_win.cc(99)] thread ID 6924 not found in process
